2018-09-25 11:09:12,562 [Worker-0] INFO  c.g.t.t.d.PublishedGradleVersions - Gradle version information cache is out-of-date. Trying to update.
2018-09-25 11:09:13,511 [org.eclipse.jdt.internal.ui.text.JavaReconciler] ERROR o.e.m.c.i.p.r.ProjectRegistryReader - Can't read workspace state
java.io.InvalidClassException: org.eclipse.m2e.core.internal.project.registry.BasicProjectRegistry; local class incompatible: stream classdesc serialVersionUID = 5542512601401896748, local class serialVersionUID = 6232274446642339434
	at java.io.ObjectStreamClass.initNonProxy(ObjectStreamClass.java:687) ~[na:1.8.0_151]
	at java.io.ObjectInputStream.readNonProxyDesc(ObjectInputStream.java:1880) ~[na:1.8.0_151]
	at java.io.ObjectInputStream.readClassDesc(ObjectInputStream.java:1746) ~[na:1.8.0_151]
	at java.io.ObjectInputStream.readNonProxyDesc(ObjectInputStream.java:1880) ~[na:1.8.0_151]
	at java.io.ObjectInputStream.readClassDesc(ObjectInputStream.java:1746) ~[na:1.8.0_151]
	at java.io.ObjectInputStream.readOrdinaryObject(ObjectInputStream.java:2037) ~[na:1.8.0_151]
	at java.io.ObjectInputStream.readObject0(ObjectInputStream.java:1568) ~[na:1.8.0_151]
	at java.io.ObjectInputStream.readObject(ObjectInputStream.java:428) ~[na:1.8.0_151]
	at org.eclipse.m2e.core.internal.project.registry.ProjectRegistryReader.readWorkspaceState(ProjectRegistryReader.java:100) ~[org.eclipse.m2e.core_1.8.3.20180227-2137.jar:na]
	at org.eclipse.m2e.core.internal.project.registry.ProjectRegistryManager.<init>(ProjectRegistryManager.java:164) [org.eclipse.m2e.core_1.8.3.20180227-2137.jar:na]
	at org.eclipse.m2e.core.internal.MavenPluginActivator.start(MavenPluginActivator.java:211) [org.eclipse.m2e.core_1.8.3.20180227-2137.jar:na]
	at org.eclipse.osgi.internal.framework.BundleContextImpl$3.run(BundleContextImpl.java:779) [org.eclipse.osgi_3.12.100.v20180210-1608.jar:na]
	at org.eclipse.osgi.internal.framework.BundleContextImpl$3.run(BundleContextImpl.java:1) [org.eclipse.osgi_3.12.100.v20180210-1608.jar:na]
	at java.security.AccessController.doPrivileged(Native Method) [na:1.8.0_151]
	at org.eclipse.osgi.internal.framework.BundleContextImpl.startActivator(BundleContextImpl.java:772) [org.eclipse.osgi_3.12.100.v20180210-1608.jar:na]
	at org.eclipse.osgi.internal.framework.BundleContextImpl.start(BundleContextImpl.java:729) [org.eclipse.osgi_3.12.100.v20180210-1608.jar:na]
	at org.eclipse.osgi.internal.framework.EquinoxBundle.startWorker0(EquinoxBundle.java:933) [org.eclipse.osgi_3.12.100.v20180210-1608.jar:na]
	at org.eclipse.osgi.internal.framework.EquinoxBundle$EquinoxModule.startWorker(EquinoxBundle.java:309) [org.eclipse.osgi_3.12.100.v20180210-1608.jar:na]
	at org.eclipse.osgi.container.Module.doStart(Module.java:581) [org.eclipse.osgi_3.12.100.v20180210-1608.jar:na]
	at org.eclipse.osgi.container.Module.start(Module.java:449) [org.eclipse.osgi_3.12.100.v20180210-1608.jar:na]
	at org.eclipse.osgi.framework.util.SecureAction.start(SecureAction.java:468) [org.eclipse.osgi_3.12.100.v20180210-1608.jar:na]
	at org.eclipse.osgi.internal.hooks.EclipseLazyStarter.postFindLocalClass(EclipseLazyStarter.java:103) [org.eclipse.osgi_3.12.100.v20180210-1608.jar:na]
	at org.eclipse.osgi.internal.loader.classpath.ClasspathManager.findLocalClass(ClasspathManager.java:529) [org.eclipse.osgi_3.12.100.v20180210-1608.jar:na]
	at org.eclipse.osgi.internal.loader.ModuleClassLoader.findLocalClass(ModuleClassLoader.java:328) [org.eclipse.osgi_3.12.100.v20180210-1608.jar:na]
	at org.eclipse.osgi.internal.loader.BundleLoader.findLocalClass(BundleLoader.java:368) [org.eclipse.osgi_3.12.100.v20180210-1608.jar:na]
	at org.eclipse.osgi.internal.loader.sources.SingleSourcePackage.loadClass(SingleSourcePackage.java:36) [org.eclipse.osgi_3.12.100.v20180210-1608.jar:na]
	at org.eclipse.osgi.internal.loader.BundleLoader.findClassInternal(BundleLoader.java:442) [org.eclipse.osgi_3.12.100.v20180210-1608.jar:na]
	at org.eclipse.osgi.internal.loader.BundleLoader.findClass(BundleLoader.java:395) [org.eclipse.osgi_3.12.100.v20180210-1608.jar:na]
	at org.eclipse.osgi.internal.loader.BundleLoader.findClass(BundleLoader.java:387) [org.eclipse.osgi_3.12.100.v20180210-1608.jar:na]
	at org.eclipse.osgi.internal.loader.ModuleClassLoader.loadClass(ModuleClassLoader.java:150) [org.eclipse.osgi_3.12.100.v20180210-1608.jar:na]
	at java.lang.ClassLoader.loadClass(ClassLoader.java:357) [na:1.8.0_151]
	at java.lang.Class.getDeclaredConstructors0(Native Method) [na:1.8.0_151]
	at java.lang.Class.privateGetDeclaredConstructors(Class.java:2671) [na:1.8.0_151]
	at java.lang.Class.getConstructor0(Class.java:3075) [na:1.8.0_151]
	at java.lang.Class.newInstance(Class.java:412) [na:1.8.0_151]
	at org.eclipse.osgi.internal.framework.BundleContextImpl.loadBundleActivator(BundleContextImpl.java:763) [org.eclipse.osgi_3.12.100.v20180210-1608.jar:na]
	at org.eclipse.osgi.internal.framework.BundleContextImpl.start(BundleContextImpl.java:716) [org.eclipse.osgi_3.12.100.v20180210-1608.jar:na]
	at org.eclipse.osgi.internal.framework.EquinoxBundle.startWorker0(EquinoxBundle.java:933) [org.eclipse.osgi_3.12.100.v20180210-1608.jar:na]
	at org.eclipse.osgi.internal.framework.EquinoxBundle$EquinoxModule.startWorker(EquinoxBundle.java:309) [org.eclipse.osgi_3.12.100.v20180210-1608.jar:na]
	at org.eclipse.osgi.container.Module.doStart(Module.java:581) [org.eclipse.osgi_3.12.100.v20180210-1608.jar:na]
	at org.eclipse.osgi.container.Module.start(Module.java:449) [org.eclipse.osgi_3.12.100.v20180210-1608.jar:na]
	at org.eclipse.osgi.framework.util.SecureAction.start(SecureAction.java:468) [org.eclipse.osgi_3.12.100.v20180210-1608.jar:na]
	at org.eclipse.osgi.internal.hooks.EclipseLazyStarter.postFindLocalClass(EclipseLazyStarter.java:103) [org.eclipse.osgi_3.12.100.v20180210-1608.jar:na]
	at org.eclipse.osgi.internal.loader.classpath.ClasspathManager.findLocalClass(ClasspathManager.java:529) [org.eclipse.osgi_3.12.100.v20180210-1608.jar:na]
	at org.eclipse.osgi.internal.loader.ModuleClassLoader.findLocalClass(ModuleClassLoader.java:328) [org.eclipse.osgi_3.12.100.v20180210-1608.jar:na]
	at org.eclipse.osgi.internal.loader.BundleLoader.findLocalClass(BundleLoader.java:368) [org.eclipse.osgi_3.12.100.v20180210-1608.jar:na]
	at org.eclipse.osgi.internal.loader.BundleLoader.findClassInternal(BundleLoader.java:446) [org.eclipse.osgi_3.12.100.v20180210-1608.jar:na]
	at org.eclipse.osgi.internal.loader.BundleLoader.findClass(BundleLoader.java:395) [org.eclipse.osgi_3.12.100.v20180210-1608.jar:na]
	at org.eclipse.osgi.internal.loader.BundleLoader.findClass(BundleLoader.java:387) [org.eclipse.osgi_3.12.100.v20180210-1608.jar:na]
	at org.eclipse.osgi.internal.loader.ModuleClassLoader.loadClass(ModuleClassLoader.java:150) [org.eclipse.osgi_3.12.100.v20180210-1608.jar:na]
	at java.lang.ClassLoader.loadClass(ClassLoader.java:357) [na:1.8.0_151]
	at org.eclipse.osgi.internal.framework.EquinoxBundle.loadClass(EquinoxBundle.java:564) [org.eclipse.osgi_3.12.100.v20180210-1608.jar:na]
	at org.eclipse.core.internal.registry.osgi.RegistryStrategyOSGI.createExecutableExtension(RegistryStrategyOSGI.java:174) [org.eclipse.equinox.registry_3.7.0.v20170222-1344.jar:na]
	at org.eclipse.core.internal.registry.ExtensionRegistry.createExecutableExtension(ExtensionRegistry.java:905) [org.eclipse.equinox.registry_3.7.0.v20170222-1344.jar:na]
	at org.eclipse.core.internal.registry.ConfigurationElement.createExecutableExtension(ConfigurationElement.java:243) [org.eclipse.equinox.registry_3.7.0.v20170222-1344.jar:na]
	at org.eclipse.core.internal.registry.ConfigurationElementHandle.createExecutableExtension(ConfigurationElementHandle.java:55) [org.eclipse.equinox.registry_3.7.0.v20170222-1344.jar:na]
	at org.eclipse.jdt.core.JavaCore.computeClasspathContainerInitializer(JavaCore.java:3615) [org.eclipse.jdt.core_3.13.102.v20180330-0919.jar:na]
	at org.eclipse.jdt.core.JavaCore.getClasspathContainerInitializer(JavaCore.java:3591) [org.eclipse.jdt.core_3.13.102.v20180330-0919.jar:na]
	at org.eclipse.jdt.internal.core.JavaModelManager.initializeContainer(JavaModelManager.java:3095) [org.eclipse.jdt.core_3.13.102.v20180330-0919.jar:na]
	at org.eclipse.jdt.internal.core.JavaModelManager$10.run(JavaModelManager.java:3020) [org.eclipse.jdt.core_3.13.102.v20180330-0919.jar:na]
	at org.eclipse.jdt.internal.core.JavaModelManager.initializeAllContainers(JavaModelManager.java:3058) [org.eclipse.jdt.core_3.13.102.v20180330-0919.jar:na]
	at org.eclipse.jdt.internal.core.JavaModelManager.getClasspathContainer(JavaModelManager.java:2058) [org.eclipse.jdt.core_3.13.102.v20180330-0919.jar:na]
	at org.eclipse.jdt.core.JavaCore.getClasspathContainer(JavaCore.java:3568) [org.eclipse.jdt.core_3.13.102.v20180330-0919.jar:na]
	at org.eclipse.jdt.internal.core.JavaProject.resolveClasspath(JavaProject.java:2986) [org.eclipse.jdt.core_3.13.102.v20180330-0919.jar:na]
	at org.eclipse.jdt.internal.core.JavaProject.resolveClasspath(JavaProject.java:3150) [org.eclipse.jdt.core_3.13.102.v20180330-0919.jar:na]
	at org.eclipse.jdt.internal.core.JavaProject.getResolvedClasspath(JavaProject.java:2255) [org.eclipse.jdt.core_3.13.102.v20180330-0919.jar:na]
	at org.eclipse.jdt.internal.core.DeltaProcessingState.getRootInfos(DeltaProcessingState.java:310) [org.eclipse.jdt.core_3.13.102.v20180330-0919.jar:na]
	at org.eclipse.jdt.internal.core.DeltaProcessingState.initializeRoots(DeltaProcessingState.java:255) [org.eclipse.jdt.core_3.13.102.v20180330-0919.jar:na]
	at org.eclipse.jdt.internal.core.JavaModelOperation.run(JavaModelOperation.java:721) [org.eclipse.jdt.core_3.13.102.v20180330-0919.jar:na]
	at org.eclipse.jdt.internal.core.JavaModelOperation.runOperation(JavaModelOperation.java:790) [org.eclipse.jdt.core_3.13.102.v20180330-0919.jar:na]
	at org.eclipse.jdt.internal.core.JavaModelManager.getClasspathContainer(JavaModelManager.java:2066) [org.eclipse.jdt.core_3.13.102.v20180330-0919.jar:na]
	at org.eclipse.jdt.core.JavaCore.getClasspathContainer(JavaCore.java:3568) [org.eclipse.jdt.core_3.13.102.v20180330-0919.jar:na]
	at org.eclipse.jdt.internal.core.JavaProject.resolveClasspath(JavaProject.java:2986) [org.eclipse.jdt.core_3.13.102.v20180330-0919.jar:na]
	at org.eclipse.jdt.internal.core.JavaProject.resolveClasspath(JavaProject.java:3150) [org.eclipse.jdt.core_3.13.102.v20180330-0919.jar:na]
	at org.eclipse.jdt.internal.core.ClasspathChange.generateDelta(ClasspathChange.java:239) [org.eclipse.jdt.core_3.13.102.v20180330-0919.jar:na]
	at org.eclipse.jdt.internal.core.DeltaProcessor.resourceChanged(DeltaProcessor.java:2100) [org.eclipse.jdt.core_3.13.102.v20180330-0919.jar:na]
	at org.eclipse.jdt.internal.core.DeltaProcessingState.resourceChanged(DeltaProcessingState.java:473) [org.eclipse.jdt.core_3.13.102.v20180330-0919.jar:na]
	at org.eclipse.core.internal.events.NotificationManager$1.run(NotificationManager.java:299) [org.eclipse.core.resources_3.12.0.v20170417-1558.jar:na]
	at org.eclipse.core.runtime.SafeRunner.run(SafeRunner.java:42) [org.eclipse.equinox.common_3.9.0.v20170207-1454.jar:na]
	at org.eclipse.core.internal.events.NotificationManager.notify(NotificationManager.java:289) [org.eclipse.core.resources_3.12.0.v20170417-1558.jar:na]
	at org.eclipse.core.internal.events.NotificationManager.broadcastChanges(NotificationManager.java:152) [org.eclipse.core.resources_3.12.0.v20170417-1558.jar:na]
	at org.eclipse.core.internal.resources.Workspace.broadcastPostChange(Workspace.java:374) [org.eclipse.core.resources_3.12.0.v20170417-1558.jar:na]
	at org.eclipse.core.internal.resources.Workspace.endOperation(Workspace.java:1469) [org.eclipse.core.resources_3.12.0.v20170417-1558.jar:na]
	at org.eclipse.core.internal.resources.Workspace.run(Workspace.java:2253) [org.eclipse.core.resources_3.12.0.v20170417-1558.jar:na]
	at org.eclipse.core.internal.resources.Workspace.run(Workspace.java:2267) [org.eclipse.core.resources_3.12.0.v20170417-1558.jar:na]
	at org.eclipse.jdt.internal.core.JavaModelOperation.runOperation(JavaModelOperation.java:795) [org.eclipse.jdt.core_3.13.102.v20180330-0919.jar:na]
	at org.eclipse.jdt.internal.core.JavaModelManager.getClasspathContainer(JavaModelManager.java:2066) [org.eclipse.jdt.core_3.13.102.v20180330-0919.jar:na]
	at org.eclipse.jdt.core.JavaCore.getClasspathContainer(JavaCore.java:3568) [org.eclipse.jdt.core_3.13.102.v20180330-0919.jar:na]
	at org.eclipse.jdt.internal.core.JavaProject.resolveClasspath(JavaProject.java:2986) [org.eclipse.jdt.core_3.13.102.v20180330-0919.jar:na]
	at org.eclipse.jdt.internal.core.JavaProject.resolveClasspath(JavaProject.java:3150) [org.eclipse.jdt.core_3.13.102.v20180330-0919.jar:na]
	at org.eclipse.jdt.internal.core.JavaProject.getResolvedClasspath(JavaProject.java:2255) [org.eclipse.jdt.core_3.13.102.v20180330-0919.jar:na]
	at org.eclipse.jdt.internal.core.JavaProject.buildStructure(JavaProject.java:474) [org.eclipse.jdt.core_3.13.102.v20180330-0919.jar:na]
	at org.eclipse.jdt.internal.core.Openable.generateInfos(Openable.java:259) [org.eclipse.jdt.core_3.13.102.v20180330-0919.jar:na]
	at org.eclipse.jdt.internal.core.JavaElement.openWhenClosed(JavaElement.java:583) [org.eclipse.jdt.core_3.13.102.v20180330-0919.jar:na]
	at org.eclipse.jdt.internal.core.JavaElement.getElementInfo(JavaElement.java:320) [org.eclipse.jdt.core_3.13.102.v20180330-0919.jar:na]
	at org.eclipse.jdt.internal.core.JavaElement.getElementInfo(JavaElement.java:306) [org.eclipse.jdt.core_3.13.102.v20180330-0919.jar:na]
	at org.eclipse.jdt.internal.core.JavaProject.getJavaProjectElementInfo(JavaProject.java:1926) [org.eclipse.jdt.core_3.13.102.v20180330-0919.jar:na]
	at org.eclipse.jdt.internal.core.JavaProject.newNameLookup(JavaProject.java:2622) [org.eclipse.jdt.core_3.13.102.v20180330-0919.jar:na]
	at org.eclipse.jdt.internal.core.SearchableEnvironment.<init>(SearchableEnvironment.java:84) [org.eclipse.jdt.core_3.13.102.v20180330-0919.jar:na]
	at org.eclipse.jdt.internal.core.SearchableEnvironment.<init>(SearchableEnvironment.java:104) [org.eclipse.jdt.core_3.13.102.v20180330-0919.jar:na]
	at org.eclipse.jdt.internal.core.CancelableNameEnvironment.<init>(CancelableNameEnvironment.java:26) [org.eclipse.jdt.core_3.13.102.v20180330-0919.jar:na]
	at org.eclipse.jdt.internal.core.CompilationUnitProblemFinder.process_aroundBody0(CompilationUnitProblemFinder.java:183) [org.eclipse.jdt.core_3.13.102.v20180330-0919.jar:na]
	at org.eclipse.jdt.internal.core.CompilationUnitProblemFinder$AjcClosure1.run(CompilationUnitProblemFinder.java:1) [org.eclipse.jdt.core_3.13.102.v20180330-0919.jar:na]
	at org.eclipse.contribution.jdt.itdawareness.ITDAwarenessAspect.ajc$around$org_eclipse_contribution_jdt_itdawareness_ITDAwarenessAspect$4$8b05d765proceed(ITDAwarenessAspect.aj:231) [org.eclipse.contribution.weaving.jdt_2.2.4.201805251550.jar:na]
	at org.eclipse.contribution.jdt.itdawareness.ITDAwarenessAspect.ajc$around$org_eclipse_contribution_jdt_itdawareness_ITDAwarenessAspect$4$8b05d765(ITDAwarenessAspect.aj:244) [org.eclipse.contribution.weaving.jdt_2.2.4.201805251550.jar:na]
	at org.eclipse.jdt.internal.core.CompilationUnitProblemFinder.process(CompilationUnitProblemFinder.java:177) [org.eclipse.jdt.core_3.13.102.v20180330-0919.jar:na]
	at org.eclipse.jdt.internal.core.CompilationUnitProblemFinder.process(CompilationUnitProblemFinder.java:276) [org.eclipse.jdt.core_3.13.102.v20180330-0919.jar:na]
	at org.eclipse.jdt.internal.core.ReconcileWorkingCopyOperation.makeConsistent(ReconcileWorkingCopyOperation.java:191) [org.eclipse.jdt.core_3.13.102.v20180330-0919.jar:na]
	at org.eclipse.jdt.internal.core.ReconcileWorkingCopyOperation.executeOperation(ReconcileWorkingCopyOperation.java:90) [org.eclipse.jdt.core_3.13.102.v20180330-0919.jar:na]
	at org.eclipse.jdt.internal.core.JavaModelOperation.run(JavaModelOperation.java:724) [org.eclipse.jdt.core_3.13.102.v20180330-0919.jar:na]
	at org.eclipse.jdt.internal.core.JavaModelOperation.runOperation(JavaModelOperation.java:790) [org.eclipse.jdt.core_3.13.102.v20180330-0919.jar:na]
	at org.eclipse.jdt.internal.core.CompilationUnit.reconcile(CompilationUnit.java:1260) [org.eclipse.jdt.core_3.13.102.v20180330-0919.jar:na]
	at org.eclipse.jdt.internal.ui.text.java.JavaReconcilingStrategy.reconcile(JavaReconcilingStrategy.java:128) [org.eclipse.jdt.ui_3.13.100.v20180330-0726.jar:na]
	at org.eclipse.jdt.internal.ui.text.java.JavaReconcilingStrategy.access$0(JavaReconcilingStrategy.java:110) [org.eclipse.jdt.ui_3.13.100.v20180330-0726.jar:na]
	at org.eclipse.jdt.internal.ui.text.java.JavaReconcilingStrategy$1.run(JavaReconcilingStrategy.java:90) [org.eclipse.jdt.ui_3.13.100.v20180330-0726.jar:na]
	at org.eclipse.core.runtime.SafeRunner.run(SafeRunner.java:42) [org.eclipse.equinox.common_3.9.0.v20170207-1454.jar:na]
	at org.eclipse.jdt.internal.ui.text.java.JavaReconcilingStrategy.reconcile(JavaReconcilingStrategy.java:87) [org.eclipse.jdt.ui_3.13.100.v20180330-0726.jar:na]
	at org.eclipse.jdt.internal.ui.text.java.JavaReconcilingStrategy.initialReconcile(JavaReconcilingStrategy.java:185) [org.eclipse.jdt.ui_3.13.100.v20180330-0726.jar:na]
	at org.eclipse.jdt.internal.ui.text.CompositeReconcilingStrategy.initialReconcile(CompositeReconcilingStrategy.java:119) [org.eclipse.jdt.ui_3.13.100.v20180330-0726.jar:na]
	at org.eclipse.jdt.internal.ui.text.JavaCompositeReconcilingStrategy.initialReconcile(JavaCompositeReconcilingStrategy.java:136) [org.eclipse.jdt.ui_3.13.100.v20180330-0726.jar:na]
	at org.eclipse.jface.text.reconciler.MonoReconciler.initialProcess(MonoReconciler.java:95) [org.eclipse.jface.text_3.12.2.v20180112-1341.jar:na]
	at org.eclipse.jdt.internal.ui.text.JavaReconciler.initialProcess(JavaReconciler.java:420) [org.eclipse.jdt.ui_3.13.100.v20180330-0726.jar:na]
	at org.eclipse.jface.text.reconciler.AbstractReconciler$BackgroundThread.run(AbstractReconciler.java:174) [org.eclipse.jface.text_3.12.2.v20180112-1341.jar:na]
2018-09-25 11:09:33,630 [Worker-6] INFO  o.e.m.c.i.l.LifecycleMappingFactory - Using org.eclipse.m2e.jdt.JarLifecycleMapping lifecycle mapping for MavenProject: HDI-Commons:HDI-Commons:0.0.1-SNAPSHOT @ /home/SEGUROS/inf1pabl/IBM/rationalsdp/workspace/HDI-Commons/pom.xml.
2018-09-25 11:09:33,630 [Worker-10] INFO  o.e.m.c.i.l.LifecycleMappingFactory - Using org.eclipse.m2e.jdt.JarLifecycleMapping lifecycle mapping for MavenProject: HDI-Commons:HDI-Commons:0.0.1-SNAPSHOT @ /home/SEGUROS/inf1pabl/IBM/rationalsdp/workspace/HDI-Commons/pom.xml.
2018-09-25 11:09:37,089 [Worker-10] WARN  o.e.m.c.i.embedder.EclipseLogger - Using platform encoding (UTF-8 actually) to copy filtered resources, i.e. build is platform dependent!
2018-09-25 11:09:37,089 [Worker-10] INFO  o.e.m.c.i.embedder.EclipseLogger - skip non existing resourceDirectory /home/SEGUROS/inf1pabl/IBM/rationalsdp/workspace/HDI-Commons/src/main/resources
2018-09-25 11:09:37,091 [Worker-10] WARN  o.e.m.c.i.embedder.EclipseLogger - Using platform encoding (UTF-8 actually) to copy filtered resources, i.e. build is platform dependent!
2018-09-25 11:09:37,091 [Worker-10] INFO  o.e.m.c.i.embedder.EclipseLogger - skip non existing resourceDirectory /home/SEGUROS/inf1pabl/IBM/rationalsdp/workspace/HDI-Commons/src/test/resources
2018-09-25 11:09:37,439 [Worker-1] INFO  o.e.m.c.i.l.LifecycleMappingFactory - Using org.eclipse.m2e.jdt.JarLifecycleMapping lifecycle mapping for MavenProject: HDI-Commons:HDI-Commons:0.0.1-SNAPSHOT @ /home/SEGUROS/inf1pabl/IBM/rationalsdp/workspace/HDI-Commons/pom.xml.
2018-09-25 11:09:37,908 [Worker-3] WARN  o.e.m.c.i.embedder.EclipseLogger - Using platform encoding (UTF-8 actually) to copy filtered resources, i.e. build is platform dependent!
2018-09-25 11:09:37,909 [Worker-3] INFO  o.e.m.c.i.embedder.EclipseLogger - skip non existing resourceDirectory /home/SEGUROS/inf1pabl/IBM/rationalsdp/workspace/HDI-Commons/src/main/resources
2018-09-25 11:09:37,911 [Worker-3] WARN  o.e.m.c.i.embedder.EclipseLogger - Using platform encoding (UTF-8 actually) to copy filtered resources, i.e. build is platform dependent!
2018-09-25 11:09:37,911 [Worker-3] INFO  o.e.m.c.i.embedder.EclipseLogger - skip non existing resourceDirectory /home/SEGUROS/inf1pabl/IBM/rationalsdp/workspace/HDI-Commons/src/test/resources
2018-11-07 17:25:40,962 [Worker-0] INFO  c.g.t.t.d.PublishedGradleVersions - Gradle version information cache is out-of-date. Trying to update.
2018-12-18 15:03:09,494 [Worker-1] INFO  c.g.t.t.d.PublishedGradleVersions - Gradle version information cache is up-to-date. Trying to read.
